<?xml version="1.0" encoding="UTF-8"?>
<!-- Generated by org.testng.reporters.JUnitReportReporter -->
<testsuite hostname="DESKTOP-7IO1P8C" failures="0" tests="2" name="Test_NG_Framework_2.LearnGroups" time="0.026" errors="0" timestamp="2023-10-01T03:30:16 IST" skipped="0">
  <testcase classname="Test_NG_Framework_2.LearnGroups" name="editLead" time="0.005"/>
  <testcase classname="Test_NG_Framework_2.LearnGroups" name="createLead" time="0.021"/>
</testsuite> <!-- Test_NG_Framework_2.LearnGroups -->
