<?xml version="1.0" encoding="UTF-8"?>
<!-- Generated by org.testng.reporters.JUnitReportReporter -->
<testsuite hostname="DESKTOP-7IO1P8C" failures="0" tests="2" name="Test_NG_Framework_2.B2_Login_MainClass" time="24.427" errors="0" timestamp="2023-10-02T01:26:51 IST" skipped="0">
  <testcase classname="Test_NG_Framework_2.B2_Login_MainClass" name="mainmethod" time="14.355"/>
  <testcase classname="Test_NG_Framework_2.B2_Login_MainClass" name="mainmethod" time="10.072"/>
</testsuite> <!-- Test_NG_Framework_2.B2_Login_MainClass -->
