<?xml version="1.0" encoding="UTF-8"?>
<!-- Generated by org.testng.reporters.JUnitReportReporter -->
<testsuite hostname="DESKTOP-7IO1P8C" failures="0" tests="1" name="Test_NG_Framework_2.F_Try_ReadData" time="1.619" errors="0" timestamp="2023-10-03T16:12:32 IST" skipped="0">
  <testcase classname="Test_NG_Framework_2.F_Try_ReadData" name="main" time="1.619"/>
</testsuite> <!-- Test_NG_Framework_2.F_Try_ReadData -->
