<?xml version="1.0" encoding="UTF-8"?>
<!-- Generated by org.testng.reporters.JUnitReportReporter -->
<testsuite hostname="DESKTOP-7IO1P8C" failures="0" tests="2" name="Test_NG_Framework_2.E2_Login_MainClass" time="24.524" errors="0" timestamp="2023-10-04T16:38:15 IST" skipped="0">
  <testcase classname="Test_NG_Framework_2.E2_Login_MainClass" name="mainmethod" time="11.622"/>
  <testcase classname="Test_NG_Framework_2.E2_Login_MainClass" name="mainmethod" time="12.902"/>
</testsuite> <!-- Test_NG_Framework_2.E2_Login_MainClass -->
