<?xml version="1.0" encoding="UTF-8"?>
<!-- Generated by org.testng.reporters.JUnitReportReporter -->
<testsuite hostname="DESKTOP-7IO1P8C" failures="0" tests="2" name="newly_executed.moremethods" time="33.298" errors="0" timestamp="2023-09-13T16:30:07 IST" skipped="0">
  <testcase classname="newly_executed.moremethods" name="test1" time="22.171"/>
  <testcase classname="newly_executed.moremethods" name="test2" time="11.127"/>
</testsuite> <!-- newly_executed.moremethods -->
