<?xml version="1.0" encoding="UTF-8"?>
<!-- Generated by org.testng.reporters.JUnitReportReporter -->
<testsuite hostname="DESKTOP-7IO1P8C" failures="0" tests="1" name="Test_NG_FrameWork_2.AllmethodsFB" time="7.282" errors="0" timestamp="2023-09-14T16:31:32 IST" skipped="0">
  <testcase classname="Test_NG_FrameWork_2.AllmethodsFB" name="Method3" time="7.282"/>
</testsuite> <!-- Test_NG_FrameWork_2.AllmethodsFB -->
