<?xml version="1.0" encoding="UTF-8"?>
<!-- Generated by org.testng.reporters.JUnitReportReporter -->
<testsuite hostname="DESKTOP-7IO1P8C" failures="0" tests="2" name="Test_NG_FrameWork_2.LearnGroups" time="0.019" errors="0" timestamp="2023-09-19T16:25:47 IST" skipped="0">
  <testcase classname="Test_NG_FrameWork_2.LearnGroups" name="sathya" time="0.004"/>
  <testcase classname="Test_NG_FrameWork_2.LearnGroups" name="narayanan" time="0.015"/>
</testsuite> <!-- Test_NG_FrameWork_2.LearnGroups -->
