<?xml version="1.0" encoding="UTF-8"?>
<!-- Generated by org.testng.reporters.JUnitReportReporter -->
<testsuite hostname="DESKTOP-7IO1P8C" failures="0" tests="6" name="Test_NG_FrameWork_2.DataProvider_Google" time="58.294" errors="0" timestamp="2023-09-27T16:27:19 IST" skipped="0">
  <testcase classname="Test_NG_FrameWork_2.DataProvider_Google" name="launchGoogle" time="8.964"/>
  <testcase classname="Test_NG_FrameWork_2.DataProvider_Google" name="launchGoogle" time="11.057"/>
  <testcase classname="Test_NG_FrameWork_2.DataProvider_Google" name="launchGoogle" time="9.896"/>
  <testcase classname="Test_NG_FrameWork_2.DataProvider_Google" name="launchGoogle" time="9.219"/>
  <testcase classname="Test_NG_FrameWork_2.DataProvider_Google" name="launchGoogle" time="8.195"/>
  <testcase classname="Test_NG_FrameWork_2.DataProvider_Google" name="launchGoogle" time="10.963"/>
</testsuite> <!-- Test_NG_FrameWork_2.DataProvider_Google -->
