<?xml version="1.0" encoding="UTF-8"?>
<!-- Generated by org.testng.reporters.JUnitReportReporter -->
<testsuite hostname="DESKTOP-7IO1P8C" failures="0" tests="1" name="Test_NG_FrameWork_2.createLead_Parameter" time="23.097" errors="0" timestamp="2023-09-22T16:22:54 IST" skipped="0">
  <testcase classname="Test_NG_FrameWork_2.createLead_Parameter" name="learnParamaters" time="23.097"/>
</testsuite> <!-- Test_NG_FrameWork_2.createLead_Parameter -->
