<?xml version="1.0" encoding="UTF-8"?>
<!-- Generated by org.testng.reporters.JUnitReportReporter -->
<testsuite hostname="DESKTOP-7IO1P8C" failures="0" tests="1" name="Test_NG_Frame_Work_1.Amazon" time="15.643" errors="0" timestamp="2023-09-07T16:26:38 IST" skipped="0">
  <testcase classname="Test_NG_Frame_Work_1.Amazon" name="amazon" time="15.643"/>
</testsuite> <!-- Test_NG_Frame_Work_1.Amazon -->
