<?xml version="1.0" encoding="UTF-8"?>
<!-- Generated by org.testng.reporters.JUnitReportReporter -->
<testsuite hostname="DESKTOP-7IO1P8C" failures="0" tests="2" name="pacakage3.CreateLeadTest" time="33.118" errors="0" timestamp="2024-05-28T15:55:17 IST" skipped="0">
  <testcase classname="pacakage3.CreateLeadTest" name="createLead" time="17.166"/>
  <testcase classname="pacakage3.CreateLeadTest" name="createLead" time="15.952"/>
</testsuite> <!-- pacakage3.CreateLeadTest -->
