<?xml version="1.0" encoding="UTF-8"?>
<!-- Generated by org.testng.reporters.JUnitReportReporter -->
<testsuite hostname="DESKTOP-7IO1P8C" failures="0" tests="2" name="package2.CreateLead" time="29.796" errors="0" timestamp="2024-05-16T16:30:10 IST" skipped="0">
  <testcase classname="package2.CreateLead" name="createLead" time="15.883"/>
  <testcase classname="package2.CreateLead" name="createLead" time="13.913"/>
</testsuite> <!-- package2.CreateLead -->
