<?xml version="1.0" encoding="UTF-8"?>
<!-- Generated by org.testng.reporters.JUnitReportReporter -->
<testsuite hostname="DESKTOP-7IO1P8C" failures="0" tests="2" name="May_05_CreateLead_TestNG" time="34.482" errors="0" timestamp="2024-05-16T16:02:35 IST" skipped="0">
  <testcase classname="May_05_CreateLead_TestNG" name="CreateLeadTest" time="19.092"/>
  <testcase classname="May_05_CreateLead_TestNG" name="CreateLeadTest" time="15.390"/>
</testsuite> <!-- May_05_CreateLead_TestNG -->
