<?xml version="1.0" encoding="UTF-8"?>
<!-- Generated by org.testng.reporters.JUnitReportReporter -->
<testsuite hostname="DESKTOP-7IO1P8C" failures="0" tests="1" name="runner.RunnerClass" time="8.373" errors="0" timestamp="2024-04-15T04:41:30 IST" skipped="0">
  <testcase classname="runner.RunnerClass" name="runScenario" time="8.373"/>
  <system-out/>
</testsuite> <!-- runner.RunnerClass -->
