<?xml version="1.0" encoding="UTF-8"?>
<!-- Generated by org.testng.reporters.JUnitReportReporter -->
<testsuite hostname="DESKTOP-7IO1P8C" failures="0" tests="1" name="E2_TestNG_Framework_2.F1_Learn_Parameter_CreateLead_BaseClass" time="0.000" errors="0" timestamp="2023-12-13T17:35:49 IST" skipped="1">
  <testcase classname="E2_TestNG_Framework_2.F1_Learn_Parameter_CreateLead_BaseClass" name="waitFor" time="0.000">
    <skipped/>
  </testcase> <!-- waitFor -->
</testsuite> <!-- E2_TestNG_Framework_2.F1_Learn_Parameter_CreateLead_BaseClass -->
