<?xml version="1.0" encoding="UTF-8"?>
<!-- Generated by org.testng.reporters.JUnitReportReporter -->
<testsuite hostname="DESKTOP-7IO1P8C" failures="0" tests="1" name="E2_TestNG_Framework_2.LearnGroups" time="0.023" errors="0" timestamp="2023-11-13T14:23:29 IST" skipped="0">
  <testcase classname="E2_TestNG_Framework_2.LearnGroups" name="editLead" time="0.023"/>
</testsuite> <!-- E2_TestNG_Framework_2.LearnGroups -->
