<?xml version="1.0" encoding="UTF-8"?>
<!-- Generated by org.testng.reporters.JUnitReportReporter -->
<testsuite hostname="DESKTOP-7IO1P8C" failures="0" tests="2" name="E2_TestNG_Framework_2.E2_Learn_DataProvider_CreateLead_Method" time="26.943" errors="0" timestamp="2023-11-24T15:58:08 IST" skipped="0">
  <testcase classname="E2_TestNG_Framework_2.E2_Learn_DataProvider_CreateLead_Method" name="runCreateLead" time="11.654"/>
  <testcase classname="E2_TestNG_Framework_2.E2_Learn_DataProvider_CreateLead_Method" name="runCreateLead" time="15.289"/>
</testsuite> <!-- E2_TestNG_Framework_2.E2_Learn_DataProvider_CreateLead_Method -->
