<?xml version="1.0" encoding="UTF-8"?>
<!-- Generated by org.testng.reporters.JUnitReportReporter -->
<testsuite hostname="DESKTOP-7IO1P8C" failures="0" tests="2" name="E2_TestNG_Framework_2.C2_Learn_DataProvider_CreateLead_Method" time="38.238" errors="0" timestamp="2023-11-14T17:03:35 IST" skipped="0">
  <testcase classname="E2_TestNG_Framework_2.C2_Learn_DataProvider_CreateLead_Method" name="runCreateLead" time="16.381"/>
  <testcase classname="E2_TestNG_Framework_2.C2_Learn_DataProvider_CreateLead_Method" name="runCreateLead" time="21.857"/>
</testsuite> <!-- E2_TestNG_Framework_2.C2_Learn_DataProvider_CreateLead_Method -->
