<?xml version="1.0" encoding="UTF-8"?>
<!-- Generated by org.testng.reporters.JUnitReportReporter -->
<testsuite hostname="DESKTOP-7IO1P8C" failures="0" tests="1" name="runner.Runner" time="13.803" errors="0" timestamp="2023-12-14T17:04:11 IST" skipped="0">
  <testcase classname="runner.Runner" name="runScenario" time="13.803"/>
</testsuite> <!-- runner.Runner -->
