<?xml version="1.0" encoding="UTF-8"?>
<!-- Generated by org.testng.reporters.JUnitReportReporter -->
<testsuite hostname="DESKTOP-7IO1P8C" failures="0" tests="1" name="E1_TestNG_Framework_1.B1_CreateLead" time="14.112" errors="0" timestamp="2023-11-24T16:07:03 IST" skipped="0">
  <testcase classname="E1_TestNG_Framework_1.B1_CreateLead" name="runCreateLead" time="14.112"/>
</testsuite> <!-- E1_TestNG_Framework_1.B1_CreateLead -->
