<?xml version="1.0" encoding="UTF-8"?>
<!-- Generated by org.testng.reporters.JUnitReportReporter -->
<testsuite hostname="DESKTOP-7IO1P8C" failures="0" tests="2" name="E2_TestNG_Framework_2.F2_Learn_Parameter_CreateLead_Method" time="30.955" errors="0" timestamp="2023-12-14T16:19:46 IST" skipped="0">
  <testcase classname="E2_TestNG_Framework_2.F2_Learn_Parameter_CreateLead_Method" name="runCreateLead" time="13.382"/>
  <testcase classname="E2_TestNG_Framework_2.F2_Learn_Parameter_CreateLead_Method" name="runCreateLead" time="17.573"/>
</testsuite> <!-- E2_TestNG_Framework_2.F2_Learn_Parameter_CreateLead_Method -->
