<?xml version="1.0" encoding="UTF-8"?>
<!-- Generated by org.testng.reporters.JUnitReportReporter -->
<testsuite hostname="DESKTOP-7IO1P8C" failures="0" tests="1" name="A2_Google_Search" time="20.640" errors="0" timestamp="2023-11-23T20:29:04 IST" skipped="0">
  <testcase classname="A2_Google_Search" name="googleSearch" time="20.640"/>
</testsuite> <!-- A2_Google_Search -->
