<?xml version="1.0" encoding="UTF-8"?>
<!-- Generated by org.testng.reporters.JUnitReportReporter -->
<testsuite hostname="DESKTOP-7IO1P8C" failures="0" tests="2" name="runner.Runner" time="14.527" errors="0" timestamp="2024-01-21T16:06:36 IST" skipped="0">
  <testcase classname="runner.Runner" name="runScenario" time="6.440"/>
  <testcase classname="runner.Runner" name="runScenario" time="8.087"/>
</testsuite> <!-- runner.Runner -->
