<?xml version="1.0" encoding="UTF-8"?>
<!-- Generated by org.testng.reporters.JUnitReportReporter -->
<testsuite hostname="DESKTOP-7IO1P8C" failures="0" tests="1" name="stepdefinition.A22_CreateLead" time="23.672" errors="0" timestamp="2024-04-23T15:47:46 IST" skipped="0">
  <testcase classname="stepdefinition.A22_CreateLead" name="createLead" time="23.672"/>
  <system-out/>
</testsuite> <!-- stepdefinition.A22_CreateLead -->
