<?xml version="1.0" encoding="UTF-8"?>
<!-- Generated by org.testng.reporters.JUnitReportReporter -->
<testsuite hostname="DESKTOP-7IO1P8C" failures="0" tests="1" name="runner.runner1" time="18.108" errors="0" timestamp="2024-04-25T15:20:33 IST" skipped="0">
  <testcase classname="runner.runner1" name="runScenario" time="18.108"/>
  <system-out/>
</testsuite> <!-- runner.runner1 -->
