<?xml version="1.0" encoding="UTF-8"?>
<!-- Generated by org.testng.reporters.JUnitReportReporter -->
<testsuite hostname="DESKTOP-7IO1P8C" failures="0" tests="2" name="Runner.Runner" time="21.469" errors="0" timestamp="2024-08-19T22:36:44 IST" skipped="0">
  <testcase classname="Runner.Runner" name="runScenario" time="7.643"/>
  <system-out/>
  <testcase classname="Runner.Runner" name="runScenario" time="13.826"/>
  <system-out/>
</testsuite> <!-- Runner.Runner -->
