<?xml version="1.0" encoding="UTF-8"?>
<!-- Generated by org.testng.reporters.JUnitReportReporter -->
<testsuite hostname="DESKTOP-7IO1P8C" failures="0" tests="2" name="testcase.LearnAnnotations" time="0.035" errors="0" timestamp="2023-11-28T06:57:40 IST" skipped="0">
  <testcase classname="testcase.LearnAnnotations" name="method1" time="0.026"/>
  <testcase classname="testcase.LearnAnnotations" name="method2" time="0.009"/>
</testsuite> <!-- testcase.LearnAnnotations -->
