<?xml version="1.0" encoding="UTF-8"?>
<!-- Generated by org.testng.reporters.JUnitReportReporter -->
<testsuite hostname="DESKTOP-7IO1P8C" failures="0" tests="1" name="testcase.CreateLead" time="19.026" errors="0" timestamp="2023-11-28T06:51:57 IST" skipped="0">
  <testcase classname="testcase.CreateLead" name="createLeads" time="19.026"/>
</testsuite> <!-- testcase.CreateLead -->
