<?xml version="1.0" encoding="UTF-8"?>
<!-- Generated by org.testng.reporters.JUnitReportReporter -->
<testsuite hostname="DESKTOP-7IO1P8C" failures="0" tests="1" name="runner.Runner" time="10.844" errors="0" timestamp="2023-12-15T18:48:05 IST" skipped="0">
  <testcase classname="runner.Runner" name="runScenario" time="10.844"/>
</testsuite> <!-- runner.Runner -->
