<?xml version="1.0" encoding="UTF-8"?>
<!-- Generated by org.testng.reporters.JUnitReportReporter -->
<testsuite hostname="DESKTOP-7IO1P8C" failures="0" tests="1" name="testcases.TC002_CreateLead2" time="34.391" errors="0" timestamp="2023-12-26T15:21:37 IST" skipped="0">
  <testcase classname="testcases.TC002_CreateLead2" name="runCreateLead" time="34.391"/>
</testsuite> <!-- testcases.TC002_CreateLead2 -->
